Using pre-set license
Built from '2020.3/release' branch; Version is '2020.3.2f1 (8fd9074bf66c) revision 9427207'; Using compiler version '192528614'; Build Type 'Release'
OS: 'Windows 10 Home Single Language; OS build 19044.2006; Version 2009; 64bit' Language: 'ru' Physical Memory: 7613 MB
BatchMode: 1, IsHumanControllingUs: 0, StartBugReporterOnCrash: 0, Is64bit: 1, IsPro: 0

 COMMAND LINE ARGUMENTS:
C:\Program Files\Unity\Hub\Editor\2020.3.2f1\Editor\Unity.exe
-adb2
-batchMode
-noUpm
-name
AssetImportWorker0
-projectPath
E:/LearnIt/git_repos/Programming-Theory-Repo/FPS-First-Try
-logFile
Logs/AssetImportWorker0.log
-srvPort
8246
Successfully changed project path to: E:/LearnIt/git_repos/Programming-Theory-Repo/FPS-First-Try
E:/LearnIt/git_repos/Programming-Theory-Repo/FPS-First-Try
Using Asset Import Pipeline V2.
Refreshing native plugins compatible for Editor in 27.06 ms, found 0 plugins.
Preloading 0 native plugins for Editor in 0.00 ms.
Initialize engine version: 2020.3.2f1 (8fd9074bf66c)
[Subsystems] Discovering subsystems at path C:/Program Files/Unity/Hub/Editor/2020.3.2f1/Editor/Data/Resources/UnitySubsystems
[Subsystems] Discovering subsystems at path E:/LearnIt/git_repos/Programming-Theory-Repo/FPS-First-Try/Assets
GfxDevice: creating device client; threaded=0
Direct3D:
    Version:  Direct3D 11.0 [level 11.1]
    Renderer: NVIDIA GeForce GTX 1650 (ID=0x1f91)
    Vendor:   
    VRAM:     3962 MB
    Driver:   31.0.15.1694
Initialize mono
Mono path[0] = 'C:/Program Files/Unity/Hub/Editor/2020.3.2f1/Editor/Data/Managed'
Mono path[1] = 'C:/Program Files/Unity/Hub/Editor/2020.3.2f1/Editor/Data/MonoBleedingEdge/lib/mono/unityjit'
Mono config path = 'C:/Program Files/Unity/Hub/Editor/2020.3.2f1/Editor/Data/MonoBleedingEdge/etc'
Using monoOptions --debugger-agent=transport=dt_socket,embedding=1,server=y,suspend=n,address=127.0.0.1:56664
Begin MonoManager ReloadAssembly
Registering precompiled unity dll's ...
Register platform support module: C:/Program Files/Unity/Hub/Editor/2020.3.2f1/Editor/Data/PlaybackEngines/WebGLSupport/UnityEditor.WebGL.Extensions.dll
Register platform support module: C:/Program Files/Unity/Hub/Editor/2020.3.2f1/Editor/Data/PlaybackEngines/WindowsStandaloneSupport/UnityEditor.WindowsStandalone.Extensions.dll
Registered in 0.003882 seconds.
Native extension for WindowsStandalone target not found
Native extension for WebGL target not found
Refreshing native plugins compatible for Editor in 27.35 ms, found 0 plugins.
Preloading 0 native plugins for Editor in 0.00 ms.
Invoked RoslynAnalysisRunner static constructor.
RoslynAnalysisRunner will not be running.
RoslynAnalysisRunner has terminated.
Mono: successfully reloaded assembly
- Completed reload, in  1.593 seconds
Platform modules already initialized, skipping
Registering precompiled user dll's ...
Registered in 0.001046 seconds.
Begin MonoManager ReloadAssembly
Native extension for WindowsStandalone target not found
Native extension for WebGL target not found
Refreshing native plugins compatible for Editor in 0.26 ms, found 0 plugins.
Preloading 0 native plugins for Editor in 0.00 ms.
Invoked RoslynAnalysisRunner static constructor.
RoslynAnalysisRunner will not be running.
RoslynAnalysisRunner has terminated.
Mono: successfully reloaded assembly
- Completed reload, in  1.001 seconds
Platform modules already initialized, skipping
========================================================================
Worker process is ready to serve import requests
Launched and connected shader compiler UnityShaderCompiler.exe after 0.06 seconds
Refreshing native plugins compatible for Editor in 0.24 ms, found 0 plugins.
Preloading 0 native plugins for Editor in 0.00 ms.
Unloading 990 Unused Serialized files (Serialized files now loaded: 0)
System memory in use before: 52.7 MB.
System memory in use after: 52.8 MB.

Unloading 8 unused Assets to reduce memory usage. Loaded Objects now: 1441.
Total: 2.285500 ms (FindLiveObjects: 0.243600 ms CreateObjectMapping: 0.071600 ms MarkObjects: 1.886200 ms  DeleteObjects: 0.082600 ms)

========================================================================
Received Import Request.
  path: Assets/Animations/SlowingEnemy/SlowingEnemy.controller
  artifactKey: Guid(e59488cd1628427498b23d4d93a8dab8) Importer(815301076,1909f56bfc062723c751e8b465ee728b)
Start importing Assets/Animations/SlowingEnemy/SlowingEnemy.controller using Guid(e59488cd1628427498b23d4d93a8dab8) Importer(815301076,1909f56bfc062723c751e8b465ee728b)  -> (artifact id: '3a36ebfd4302c6dca2b7d6e90fabfc17') in 0.029477 seconds
  Import took 0.031698 seconds .

========================================================================
Received Import Request.
  Time since last request: 0.000248 seconds.
  path: Assets/Animations/SlowingEnemy/Death.anim
  artifactKey: Guid(a620417b0c710a84c9cc0cb2526dcc9b) Importer(815301076,1909f56bfc062723c751e8b465ee728b)
Start importing Assets/Animations/SlowingEnemy/Death.anim using Guid(a620417b0c710a84c9cc0cb2526dcc9b) Importer(815301076,1909f56bfc062723c751e8b465ee728b)  -> (artifact id: '85eed221b09be8941615747ccde4d160') in 0.005790 seconds
  Import took 0.008049 seconds .

========================================================================
Received Import Request.
  Time since last request: 373.825222 seconds.
  path: Assets/Animations/SlowingEnemy/SlowingEnemy.controller
  artifactKey: Guid(e59488cd1628427498b23d4d93a8dab8) Importer(815301076,1909f56bfc062723c751e8b465ee728b)
Start importing Assets/Animations/SlowingEnemy/SlowingEnemy.controller using Guid(e59488cd1628427498b23d4d93a8dab8) Importer(815301076,1909f56bfc062723c751e8b465ee728b)  -> (artifact id: 'abcb1b234e375275612684246935531c') in 0.006988 seconds
  Import took 0.010343 seconds .

========================================================================
Received Import Request.
  Time since last request: 3.309725 seconds.
  path: Assets/Animations/SlowingEnemy/Death.anim
  artifactKey: Guid(a620417b0c710a84c9cc0cb2526dcc9b) Importer(815301076,1909f56bfc062723c751e8b465ee728b)
Start importing Assets/Animations/SlowingEnemy/Death.anim using Guid(a620417b0c710a84c9cc0cb2526dcc9b) Importer(815301076,1909f56bfc062723c751e8b465ee728b)  -> (artifact id: 'afb53788d4228c42433c4e33a668e29b') in 0.005005 seconds
  Import took 0.008047 seconds .

========================================================================
Received Prepare
Registering precompiled user dll's ...
Registered in 0.000996 seconds.
Begin MonoManager ReloadAssembly
Native extension for WindowsStandalone target not found
Native extension for WebGL target not found
Refreshing native plugins compatible for Editor in 0.45 ms, found 0 plugins.
Preloading 0 native plugins for Editor in 0.00 ms.
Invoked RoslynAnalysisRunner static constructor.
RoslynAnalysisRunner will not be running.
RoslynAnalysisRunner has terminated.
Mono: successfully reloaded assembly
- Completed reload, in  1.002 seconds
Platform modules already initialized, skipping
Refreshing native plugins compatible for Editor in 0.24 ms, found 0 plugins.
Preloading 0 native plugins for Editor in 0.00 ms.
Unloading 985 Unused Serialized files (Serialized files now loaded: 0)
System memory in use before: 52.7 MB.
System memory in use after: 52.8 MB.

Unloading 4 unused Assets to reduce memory usage. Loaded Objects now: 1444.
Total: 2.355000 ms (FindLiveObjects: 0.258600 ms CreateObjectMapping: 0.050000 ms MarkObjects: 2.014500 ms  DeleteObjects: 0.029900 ms)

========================================================================
Received Prepare
Registering precompiled user dll's ...
Registered in 0.000977 seconds.
Begin MonoManager ReloadAssembly
Native extension for WindowsStandalone target not found
Native extension for WebGL target not found
Refreshing native plugins compatible for Editor in 0.25 ms, found 0 plugins.
Preloading 0 native plugins for Editor in 0.00 ms.
Invoked RoslynAnalysisRunner static constructor.
RoslynAnalysisRunner will not be running.
RoslynAnalysisRunner has terminated.
Mono: successfully reloaded assembly
- Completed reload, in  0.940 seconds
Platform modules already initialized, skipping
Refreshing native plugins compatible for Editor in 0.25 ms, found 0 plugins.
Preloading 0 native plugins for Editor in 0.00 ms.
Unloading 985 Unused Serialized files (Serialized files now loaded: 0)
System memory in use before: 52.7 MB.
System memory in use after: 52.8 MB.

Unloading 4 unused Assets to reduce memory usage. Loaded Objects now: 1447.
Total: 2.842700 ms (FindLiveObjects: 0.283800 ms CreateObjectMapping: 0.071800 ms MarkObjects: 2.456900 ms  DeleteObjects: 0.027900 ms)

========================================================================
Received Prepare
Registering precompiled user dll's ...
Registered in 0.001035 seconds.
Begin MonoManager ReloadAssembly
Native extension for WindowsStandalone target not found
Native extension for WebGL target not found
Refreshing native plugins compatible for Editor in 0.28 ms, found 0 plugins.
Preloading 0 native plugins for Editor in 0.00 ms.
Invoked RoslynAnalysisRunner static constructor.
RoslynAnalysisRunner will not be running.
RoslynAnalysisRunner has terminated.
Mono: successfully reloaded assembly
- Completed reload, in  0.991 seconds
Platform modules already initialized, skipping
Refreshing native plugins compatible for Editor in 0.24 ms, found 0 plugins.
Preloading 0 native plugins for Editor in 0.00 ms.
Unloading 985 Unused Serialized files (Serialized files now loaded: 0)
System memory in use before: 52.7 MB.
System memory in use after: 52.8 MB.

Unloading 4 unused Assets to reduce memory usage. Loaded Objects now: 1450.
Total: 2.324600 ms (FindLiveObjects: 0.231900 ms CreateObjectMapping: 0.042800 ms MarkObjects: 2.031000 ms  DeleteObjects: 0.017600 ms)

========================================================================
Received Prepare
Registering precompiled user dll's ...
Registered in 0.000934 seconds.
Begin MonoManager ReloadAssembly
Native extension for WindowsStandalone target not found
Native extension for WebGL target not found
Refreshing native plugins compatible for Editor in 0.30 ms, found 0 plugins.
Preloading 0 native plugins for Editor in 0.00 ms.
Invoked RoslynAnalysisRunner static constructor.
RoslynAnalysisRunner will not be running.
RoslynAnalysisRunner has terminated.
Mono: successfully reloaded assembly
- Completed reload, in  0.927 seconds
Platform modules already initialized, skipping
Refreshing native plugins compatible for Editor in 0.42 ms, found 0 plugins.
Preloading 0 native plugins for Editor in 0.00 ms.
Unloading 985 Unused Serialized files (Serialized files now loaded: 0)
System memory in use before: 52.7 MB.
System memory in use after: 52.8 MB.

Unloading 4 unused Assets to reduce memory usage. Loaded Objects now: 1453.
Total: 2.651700 ms (FindLiveObjects: 0.221200 ms CreateObjectMapping: 0.037100 ms MarkObjects: 2.369700 ms  DeleteObjects: 0.020400 ms)

========================================================================
Received Prepare
Registering precompiled user dll's ...
Registered in 0.000961 seconds.
Begin MonoManager ReloadAssembly
Native extension for WindowsStandalone target not found
Native extension for WebGL target not found
Refreshing native plugins compatible for Editor in 0.25 ms, found 0 plugins.
Preloading 0 native plugins for Editor in 0.00 ms.
Invoked RoslynAnalysisRunner static constructor.
RoslynAnalysisRunner will not be running.
RoslynAnalysisRunner has terminated.
Mono: successfully reloaded assembly
- Completed reload, in  0.997 seconds
Platform modules already initialized, skipping
Refreshing native plugins compatible for Editor in 0.24 ms, found 0 plugins.
Preloading 0 native plugins for Editor in 0.00 ms.
Unloading 985 Unused Serialized files (Serialized files now loaded: 0)
System memory in use before: 52.7 MB.
System memory in use after: 52.8 MB.

Unloading 4 unused Assets to reduce memory usage. Loaded Objects now: 1456.
Total: 2.356800 ms (FindLiveObjects: 0.257300 ms CreateObjectMapping: 0.050300 ms MarkObjects: 2.025300 ms  DeleteObjects: 0.022100 ms)

========================================================================
Received Prepare
Registering precompiled user dll's ...
Registered in 0.000983 seconds.
Begin MonoManager ReloadAssembly
Native extension for WindowsStandalone target not found
Native extension for WebGL target not found
Refreshing native plugins compatible for Editor in 0.43 ms, found 0 plugins.
Preloading 0 native plugins for Editor in 0.00 ms.
Invoked RoslynAnalysisRunner static constructor.
RoslynAnalysisRunner will not be running.
RoslynAnalysisRunner has terminated.
Mono: successfully reloaded assembly
- Completed reload, in  1.085 seconds
Platform modules already initialized, skipping
Refreshing native plugins compatible for Editor in 0.28 ms, found 0 plugins.
Preloading 0 native plugins for Editor in 0.00 ms.
Unloading 985 Unused Serialized files (Serialized files now loaded: 0)
System memory in use before: 52.7 MB.
System memory in use after: 52.8 MB.

Unloading 4 unused Assets to reduce memory usage. Loaded Objects now: 1459.
Total: 2.478400 ms (FindLiveObjects: 0.172500 ms CreateObjectMapping: 0.033800 ms MarkObjects: 2.250300 ms  DeleteObjects: 0.019900 ms)

========================================================================
Received Import Request.
  Time since last request: 201.287526 seconds.
  path: Assets/Prefabs/Enemies/SlowingEnemy_Parent.prefab
  artifactKey: Guid(ac00228239214ab478ba086d4cad9b33) Importer(815301076,1909f56bfc062723c751e8b465ee728b)
Start importing Assets/Prefabs/Enemies/SlowingEnemy_Parent.prefab using Guid(ac00228239214ab478ba086d4cad9b33) Importer(815301076,1909f56bfc062723c751e8b465ee728b)  -> (artifact id: '145aef7ffedb0bf944843afe903fe576') in 0.117601 seconds
  Import took 0.120221 seconds .

========================================================================
Received Prepare
Registering precompiled user dll's ...
Registered in 0.001734 seconds.
Begin MonoManager ReloadAssembly
Native extension for WindowsStandalone target not found
Native extension for WebGL target not found
Refreshing native plugins compatible for Editor in 0.50 ms, found 0 plugins.
Preloading 0 native plugins for Editor in 0.00 ms.
Invoked RoslynAnalysisRunner static constructor.
RoslynAnalysisRunner will not be running.
RoslynAnalysisRunner has terminated.
Mono: successfully reloaded assembly
- Completed reload, in  2.040 seconds
Platform modules already initialized, skipping
Refreshing native plugins compatible for Editor in 0.57 ms, found 0 plugins.
Preloading 0 native plugins for Editor in 0.00 ms.
Unloading 985 Unused Serialized files (Serialized files now loaded: 0)
System memory in use before: 55.9 MB.
System memory in use after: 56.0 MB.

Unloading 5 unused Assets to reduce memory usage. Loaded Objects now: 1471.
Total: 4.374700 ms (FindLiveObjects: 0.336500 ms CreateObjectMapping: 0.057800 ms MarkObjects: 3.921000 ms  DeleteObjects: 0.056400 ms)

AssetImportWorkerClient::OnTransportError - code=2 error=End of file
